<?xml version="1.0" encoding="UTF-8"?>
<testng-results ignored="0" total="1" passed="1" failed="0" skipped="0">
  <reporter-output>
  </reporter-output>
  <suite started-at="2026-05-13T00:05:06 IST" name="Default suite" finished-at="2026-05-13T00:05:12 IST" duration-ms="6089">
    <groups>
    </groups>
    <test started-at="2026-05-13T00:05:06 IST" name="Default test" finished-at="2026-05-13T00:05:12 IST" duration-ms="6089">
      <class name="testingBaba.testDemo">
        <test-method signature="lunchUrl()[pri:0, instance:testingBaba.testDemo@63cd604c]" started-at="2026-05-13T00:05:06 IST" name="lunchUrl" finished-at="2026-05-13T00:05:12 IST" duration-ms="6011" status="PASS">
          <reporter-output>
          </reporter-output>
        </test-method> <!-- lunchUrl -->
      </class> <!-- testingBaba.testDemo -->
    </test> <!-- Default test -->
  </suite> <!-- Default suite -->
</testng-results>
